

Started GET "/assets/rails.png" for 127.0.0.1 at 2011-11-30 13:37:27 -0600

PGError (could not connect to server: Permission denied
	Is the server running locally and accepting
	connections on Unix domain socket "/var/pgsql_socket/.s.PGSQL.5432"?
):
  

Rendered /usr/local/Cellar/ruby/1.9.3-p0/lib/ruby/gems/1.9.1/gems/actionpack-3.1.3/lib/action_dispatch/middleware/templates/rescues/_trace.erb (0.9ms)
Rendered /usr/local/Cellar/ruby/1.9.3-p0/lib/ruby/gems/1.9.1/gems/actionpack-3.1.3/lib/action_dispatch/middleware/templates/rescues/_request_and_response.erb (2.4ms)
Rendered /usr/local/Cellar/ruby/1.9.3-p0/lib/ruby/gems/1.9.1/gems/actionpack-3.1.3/lib/action_dispatch/middleware/templates/rescues/diagnostics.erb within rescues/layout (7.7ms)


Started GET "/assets/rails.png" for 127.0.0.1 at 2011-11-30 13:56:27 -0600

PGError (could not connect to server: Permission denied
	Is the server running locally and accepting
	connections on Unix domain socket "/var/pgsql_socket/.s.PGSQL.5432"?
):
  

Rendered /usr/local/Cellar/ruby/1.9.3-p0/lib/ruby/gems/1.9.1/gems/actionpack-3.1.3/lib/action_dispatch/middleware/templates/rescues/_trace.erb (1.0ms)
Rendered /usr/local/Cellar/ruby/1.9.3-p0/lib/ruby/gems/1.9.1/gems/actionpack-3.1.3/lib/action_dispatch/middleware/templates/rescues/_request_and_response.erb (0.7ms)
Rendered /usr/local/Cellar/ruby/1.9.3-p0/lib/ruby/gems/1.9.1/gems/actionpack-3.1.3/lib/action_dispatch/middleware/templates/rescues/diagnostics.erb within rescues/layout (3.8ms)


Started GET "/assets/rails.png" for 127.0.0.1 at 2011-11-30 13:56:36 -0600

PGError (could not connect to server: Permission denied
	Is the server running locally and accepting
	connections on Unix domain socket "/var/pgsql_socket/.s.PGSQL.5432"?
):
  

Rendered /usr/local/Cellar/ruby/1.9.3-p0/lib/ruby/gems/1.9.1/gems/actionpack-3.1.3/lib/action_dispatch/middleware/templates/rescues/_trace.erb (1.1ms)
Rendered /usr/local/Cellar/ruby/1.9.3-p0/lib/ruby/gems/1.9.1/gems/actionpack-3.1.3/lib/action_dispatch/middleware/templates/rescues/_request_and_response.erb (0.7ms)
Rendered /usr/local/Cellar/ruby/1.9.3-p0/lib/ruby/gems/1.9.1/gems/actionpack-3.1.3/lib/action_dispatch/middleware/templates/rescues/diagnostics.erb within rescues/layout (3.8ms)


Started GET "/rails/info/properties" for 127.0.0.1 at 2011-11-30 13:56:39 -0600

PGError (could not connect to server: Permission denied
	Is the server running locally and accepting
	connections on Unix domain socket "/var/pgsql_socket/.s.PGSQL.5432"?
):
  

Rendered /usr/local/Cellar/ruby/1.9.3-p0/lib/ruby/gems/1.9.1/gems/actionpack-3.1.3/lib/action_dispatch/middleware/templates/rescues/_trace.erb (1.0ms)
Rendered /usr/local/Cellar/ruby/1.9.3-p0/lib/ruby/gems/1.9.1/gems/actionpack-3.1.3/lib/action_dispatch/middleware/templates/rescues/_request_and_response.erb (0.7ms)
Rendered /usr/local/Cellar/ruby/1.9.3-p0/lib/ruby/gems/1.9.1/gems/actionpack-3.1.3/lib/action_dispatch/middleware/templates/rescues/diagnostics.erb within rescues/layout (3.3ms)


Started GET "/assets/rails.png" for 127.0.0.1 at 2011-11-30 13:56:51 -0600

PGError (could not connect to server: Permission denied
	Is the server running locally and accepting
	connections on Unix domain socket "/var/pgsql_socket/.s.PGSQL.5432"?
):
  

Rendered /usr/local/Cellar/ruby/1.9.3-p0/lib/ruby/gems/1.9.1/gems/actionpack-3.1.3/lib/action_dispatch/middleware/templates/rescues/_trace.erb (1.6ms)
Rendered /usr/local/Cellar/ruby/1.9.3-p0/lib/ruby/gems/1.9.1/gems/actionpack-3.1.3/lib/action_dispatch/middleware/templates/rescues/_request_and_response.erb (1.2ms)
Rendered /usr/local/Cellar/ruby/1.9.3-p0/lib/ruby/gems/1.9.1/gems/actionpack-3.1.3/lib/action_dispatch/middleware/templates/rescues/diagnostics.erb within rescues/layout (5.6ms)


Started GET "/rails/info/properties" for 127.0.0.1 at 2011-11-30 13:56:53 -0600

PGError (could not connect to server: Permission denied
	Is the server running locally and accepting
	connections on Unix domain socket "/var/pgsql_socket/.s.PGSQL.5432"?
):
  

Rendered /usr/local/Cellar/ruby/1.9.3-p0/lib/ruby/gems/1.9.1/gems/actionpack-3.1.3/lib/action_dispatch/middleware/templates/rescues/_trace.erb (1.0ms)
Rendered /usr/local/Cellar/ruby/1.9.3-p0/lib/ruby/gems/1.9.1/gems/actionpack-3.1.3/lib/action_dispatch/middleware/templates/rescues/_request_and_response.erb (0.7ms)
Rendered /usr/local/Cellar/ruby/1.9.3-p0/lib/ruby/gems/1.9.1/gems/actionpack-3.1.3/lib/action_dispatch/middleware/templates/rescues/diagnostics.erb within rescues/layout (3.4ms)


Started GET "/assets/rails.png" for 127.0.0.1 at 2011-11-30 13:57:17 -0600

PGError (could not connect to server: Permission denied
	Is the server running locally and accepting
	connections on Unix domain socket "/var/pgsql_socket/.s.PGSQL.5432"?
):
  

Rendered /usr/local/Cellar/ruby/1.9.3-p0/lib/ruby/gems/1.9.1/gems/actionpack-3.1.3/lib/action_dispatch/middleware/templates/rescues/_trace.erb (0.9ms)
Rendered /usr/local/Cellar/ruby/1.9.3-p0/lib/ruby/gems/1.9.1/gems/actionpack-3.1.3/lib/action_dispatch/middleware/templates/rescues/_request_and_response.erb (1.8ms)
Rendered /usr/local/Cellar/ruby/1.9.3-p0/lib/ruby/gems/1.9.1/gems/actionpack-3.1.3/lib/action_dispatch/middleware/templates/rescues/diagnostics.erb within rescues/layout (6.1ms)


Started GET "/assets/rails.png" for 127.0.0.1 at 2011-11-30 14:07:32 -0600

PGError (FATAL:  database "mike" does not exist
):
  

Rendered /usr/local/Cellar/ruby/1.9.3-p0/lib/ruby/gems/1.9.1/gems/actionpack-3.1.3/lib/action_dispatch/middleware/templates/rescues/_trace.erb (0.9ms)
Rendered /usr/local/Cellar/ruby/1.9.3-p0/lib/ruby/gems/1.9.1/gems/actionpack-3.1.3/lib/action_dispatch/middleware/templates/rescues/_request_and_response.erb (2.2ms)
Rendered /usr/local/Cellar/ruby/1.9.3-p0/lib/ruby/gems/1.9.1/gems/actionpack-3.1.3/lib/action_dispatch/middleware/templates/rescues/diagnostics.erb within rescues/layout (7.6ms)


Started GET "/rails/info/properties" for 127.0.0.1 at 2011-11-30 14:08:29 -0600
  [1m[36m (0.3ms)[0m  [1mSHOW search_path[0m
  Processing by Rails::InfoController#properties as */*
Rendered inline template (2.1ms)
Completed 200 OK in 10ms (Views: 10.0ms | ActiveRecord: 0.0ms)
  [1m[36m (0.2ms)[0m  [1mSHOW search_path[0m
  [1m[35m (13.7ms)[0m  CREATE TABLE "schema_migrations" ("version" character varying(255) NOT NULL) 
  [1m[36m (3.5ms)[0m  [1m SELECT distinct i.relname, d.indisunique, d.indkey, t.oid
 FROM pg_class t
 INNER JOIN pg_index d ON t.oid = d.indrelid
 INNER JOIN pg_class i ON d.indexrelid = i.oid
 WHERE i.relkind = 'i'
 AND d.indisprimary = 'f'
 AND t.relname = 'schema_migrations'
 AND i.relnamespace IN (SELECT oid FROM pg_namespace WHERE nspname = ANY (current_schemas(false)) )
 ORDER BY i.relname
[0m
  [1m[35m (2.1ms)[0m  CREATE UNIQUE INDEX "unique_schema_migrations" ON "schema_migrations" ("version")
  [1m[36m (0.6ms)[0m  [1mSELECT "schema_migrations"."version" FROM "schema_migrations" [0m
Migrating to CreateUsers (20111201141543)
  [1m[35m (0.1ms)[0m  BEGIN
  [1m[36m (8.3ms)[0m  [1mCREATE TABLE "users" ("id" serial primary key, "name" character varying(255), "email" character varying(255), "created_at" timestamp, "updated_at" timestamp) [0m
  [1m[35m (0.4ms)[0m  INSERT INTO "schema_migrations" ("version") VALUES ('20111201141543')
  [1m[36m (0.5ms)[0m  [1mCOMMIT[0m
  [1m[35m (0.1ms)[0m  SHOW search_path
  [1m[36m (0.4ms)[0m  [1mSELECT "schema_migrations"."version" FROM "schema_migrations" [0m
  [1m[35m (2.1ms)[0m   SELECT distinct i.relname, d.indisunique, d.indkey, t.oid
 FROM pg_class t
 INNER JOIN pg_index d ON t.oid = d.indrelid
 INNER JOIN pg_class i ON d.indexrelid = i.oid
 WHERE i.relkind = 'i'
 AND d.indisprimary = 'f'
 AND t.relname = 'users'
 AND i.relnamespace IN (SELECT oid FROM pg_namespace WHERE nspname = ANY (current_schemas(false)) )
 ORDER BY i.relname


Started GET "/assets/rails.png" for 127.0.0.1 at 2011-12-01 08:17:40 -0600
Served asset /rails.png - 200 OK (3ms)


Started GET "/users" for 127.0.0.1 at 2011-12-01 08:17:48 -0600
  [1m[36m (0.2ms)[0m  [1mSHOW search_path[0m
  Processing by UsersController#index as HTML
  [1m[35mUser Load (0.4ms)[0m  SELECT "users".* FROM "users" 
Rendered users/index.html.erb within layouts/application (3.2ms)
Compiled application.css  (1ms)  (pid 5567)
Compiled scaffolds.css  (10ms)  (pid 5567)
Compiled users.css  (0ms)  (pid 5567)
Compiled application.js  (3ms)  (pid 5567)
Compiled jquery.js  (3ms)  (pid 5567)
Compiled jquery_ujs.js  (0ms)  (pid 5567)
Compiled users.js  (87ms)  (pid 5567)
Completed 200 OK in 249ms (Views: 247.9ms | ActiveRecord: 0.4ms)


Started GET "/assets/application.css?body=1" for 127.0.0.1 at 2011-12-01 08:17:48 -0600
Served asset /application.css - 200 OK (0ms)


Started GET "/assets/scaffolds.css?body=1" for 127.0.0.1 at 2011-12-01 08:17:48 -0600
Served asset /scaffolds.css - 200 OK (4ms)


Started GET "/assets/users.css?body=1" for 127.0.0.1 at 2011-12-01 08:17:48 -0600
Served asset /users.css - 200 OK (2ms)


Started GET "/assets/jquery.js?body=1" for 127.0.0.1 at 2011-12-01 08:17:48 -0600
Served asset /jquery.js - 200 OK (3ms)


Started GET "/assets/jquery_ujs.js?body=1" for 127.0.0.1 at 2011-12-01 08:17:48 -0600
Served asset /jquery_ujs.js - 200 OK (1ms)


Started GET "/assets/users.js?body=1" for 127.0.0.1 at 2011-12-01 08:17:48 -0600
Served asset /users.js - 200 OK (1ms)


Started GET "/assets/application.js?body=1" for 127.0.0.1 at 2011-12-01 08:17:48 -0600
Served asset /application.js - 200 OK (0ms)
