Compiled application.js  (3ms)  (pid 8940)
Compiled jquery.js  (2ms)  (pid 8940)
Compiled jquery_ujs.js  (0ms)  (pid 8940)
Compiled users.js  (84ms)  (pid 8940)
Compiled application.css  (1ms)  (pid 8940)
Compiled scaffolds.css  (9ms)  (pid 8940)
Compiled users.css  (0ms)  (pid 8940)
Compiled application.js  (2ms)  (pid 8925)
Compiled jquery.js  (4ms)  (pid 8925)
Compiled jquery_ujs.js  (0ms)  (pid 8925)
Compiled users.js  (115ms)  (pid 8925)
Compiled application.css  (1ms)  (pid 8925)
Compiled scaffolds.css  (10ms)  (pid 8925)
Compiled users.css  (1ms)  (pid 8925)
Compiled application.js  (2ms)  (pid 9141)
Compiled jquery.js  (1ms)  (pid 9141)
Compiled jquery_ujs.js  (0ms)  (pid 9141)
Compiled users.js  (72ms)  (pid 9141)
Compiled application.css  (1ms)  (pid 9141)
Compiled scaffolds.css  (10ms)  (pid 9141)
Compiled users.css  (0ms)  (pid 9141)
Compiled application.js  (1ms)  (pid 9116)
Compiled jquery.js  (1ms)  (pid 9116)
Compiled jquery_ujs.js  (0ms)  (pid 9116)
Compiled users.js  (76ms)  (pid 9116)
Compiled application.css  (1ms)  (pid 9116)
Compiled scaffolds.css  (10ms)  (pid 9116)
Compiled users.css  (1ms)  (pid 9116)
Compiled application.js  (2ms)  (pid 9911)
Compiled jquery.js  (1ms)  (pid 9911)
Compiled jquery_ujs.js  (0ms)  (pid 9911)
Compiled users.js  (59ms)  (pid 9911)
Compiled application.css  (0ms)  (pid 9911)
Compiled scaffolds.css  (11ms)  (pid 9911)
Compiled users.css  (1ms)  (pid 9911)
Compiled application.js  (2ms)  (pid 9889)
Compiled jquery.js  (4ms)  (pid 9889)
Compiled jquery_ujs.js  (0ms)  (pid 9889)
Compiled users.js  (75ms)  (pid 9889)
Compiled application.css  (1ms)  (pid 9889)
Compiled scaffolds.css  (10ms)  (pid 9889)
Compiled users.css  (1ms)  (pid 9889)
Compiled application.js  (2ms)  (pid 8349)
Compiled jquery.js  (1ms)  (pid 8349)
Compiled jquery_ujs.js  (0ms)  (pid 8349)
Compiled users.js  (63ms)  (pid 8349)
Compiled application.css  (1ms)  (pid 8349)
Compiled scaffolds.css  (12ms)  (pid 8349)
Compiled users.css  (0ms)  (pid 8349)
Compiled application.js  (2ms)  (pid 8337)
Compiled jquery.js  (3ms)  (pid 8337)
Compiled jquery_ujs.js  (0ms)  (pid 8337)
Compiled users.js  (70ms)  (pid 8337)
Compiled application.css  (1ms)  (pid 8337)
Compiled scaffolds.css  (11ms)  (pid 8337)
Compiled users.css  (1ms)  (pid 8337)
Compiled application.js  (2ms)  (pid 8496)
Compiled jquery.js  (13ms)  (pid 8496)
Compiled jquery_ujs.js  (0ms)  (pid 8496)
Compiled microposts.js  (61ms)  (pid 8496)
Compiled users.js  (53ms)  (pid 8496)
Compiled application.css  (1ms)  (pid 8496)
Compiled microposts.css  (2ms)  (pid 8496)
Compiled scaffolds.css  (10ms)  (pid 8496)
Compiled users.css  (0ms)  (pid 8496)
Compiled application.js  (2ms)  (pid 8483)
Compiled jquery.js  (13ms)  (pid 8483)
Compiled jquery_ujs.js  (0ms)  (pid 8483)
Compiled microposts.js  (61ms)  (pid 8483)
Compiled users.js  (51ms)  (pid 8483)
Compiled application.css  (1ms)  (pid 8483)
Compiled microposts.css  (2ms)  (pid 8483)
Compiled scaffolds.css  (9ms)  (pid 8483)
Compiled users.css  (0ms)  (pid 8483)
Compiled application.js  (2ms)  (pid 9495)
Compiled jquery.js  (13ms)  (pid 9495)
Compiled jquery_ujs.js  (0ms)  (pid 9495)
Compiled microposts.js  (63ms)  (pid 9495)
Compiled users.js  (55ms)  (pid 9495)
Compiled application.css  (1ms)  (pid 9495)
Compiled microposts.css  (3ms)  (pid 9495)
Compiled scaffolds.css  (10ms)  (pid 9495)
Compiled users.css  (1ms)  (pid 9495)
Compiled application.js  (2ms)  (pid 9459)
Compiled jquery.js  (15ms)  (pid 9459)
Compiled jquery_ujs.js  (1ms)  (pid 9459)
Compiled microposts.js  (104ms)  (pid 9459)
Compiled users.js  (64ms)  (pid 9459)
Compiled application.css  (2ms)  (pid 9459)
Compiled microposts.css  (3ms)  (pid 9459)
Compiled scaffolds.css  (9ms)  (pid 9459)
Compiled users.css  (1ms)  (pid 9459)
Compiled application.js  (2ms)  (pid 10315)
Compiled jquery.js  (13ms)  (pid 10315)
Compiled jquery_ujs.js  (0ms)  (pid 10315)
Compiled microposts.js  (60ms)  (pid 10315)
Compiled users.js  (51ms)  (pid 10315)
Compiled application.css  (1ms)  (pid 10315)
Compiled microposts.css  (2ms)  (pid 10315)
Compiled scaffolds.css  (9ms)  (pid 10315)
Compiled users.css  (0ms)  (pid 10315)
Compiled application.js  (2ms)  (pid 10287)
Compiled jquery.js  (13ms)  (pid 10287)
Compiled jquery_ujs.js  (0ms)  (pid 10287)
Compiled microposts.js  (106ms)  (pid 10287)
Compiled users.js  (53ms)  (pid 10287)
Compiled application.css  (1ms)  (pid 10287)
Compiled microposts.css  (2ms)  (pid 10287)
Compiled scaffolds.css  (9ms)  (pid 10287)
Compiled users.css  (0ms)  (pid 10287)
